<?xml version="1.0" encoding="UTF-8"?>
<!-- Generated by org.testng.reporters.JUnitReportReporter -->
<testsuite hostname="YCSLAP1132" failures="0" tests="2" name="cogmentoCRM.Web.runners.AllureTestNGRunner" time="66.891" errors="0" timestamp="2025-06-12T11:24:27 IST" skipped="0">
  <testcase classname="cogmentoCRM.Web.runners.AllureTestNGRunner" name="runScenario" time="38.308"/>
  <testcase classname="cogmentoCRM.Web.runners.AllureTestNGRunner" name="runScenario" time="28.583"/>
</testsuite> <!-- cogmentoCRM.Web.runners.AllureTestNGRunner -->
