<?xml version="1.0" encoding="UTF-8"?>
<!-- Generated by org.testng.reporters.JUnitReportReporter -->
<testsuite hostname="YCSLAP1132" failures="0" tests="3" name="cogmentoCRM.Web.runners.AllureTestNGRunner" time="95.806" errors="0" timestamp="2025-06-27T17:07:19 IST" skipped="0">
  <testcase classname="cogmentoCRM.Web.runners.AllureTestNGRunner" name="runScenario" time="32.395"/>
  <testcase classname="cogmentoCRM.Web.runners.AllureTestNGRunner" name="runScenario" time="35.922"/>
  <testcase classname="cogmentoCRM.Web.runners.AllureTestNGRunner" name="runScenario" time="27.489"/>
</testsuite> <!-- cogmentoCRM.Web.runners.AllureTestNGRunner -->
