<?xml version="1.0" encoding="UTF-8"?>
<!-- Generated by org.testng.reporters.JUnitReportReporter -->
<testsuite hostname="YCSLAP1132" failures="0" tests="7" name="cogmentoCRM.Web.runners.AllureTestNGRunner" time="178.798" errors="0" timestamp="2025-07-03T17:22:18 IST" skipped="0">
  <testcase classname="cogmentoCRM.Web.runners.AllureTestNGRunner" name="runScenario" time="27.136"/>
  <testcase classname="cogmentoCRM.Web.runners.AllureTestNGRunner" name="runScenario" time="26.790"/>
  <testcase classname="cogmentoCRM.Web.runners.AllureTestNGRunner" name="runScenario" time="23.448"/>
  <testcase classname="cogmentoCRM.Web.runners.AllureTestNGRunner" name="runScenario" time="25.411"/>
  <testcase classname="cogmentoCRM.Web.runners.AllureTestNGRunner" name="runScenario" time="31.478"/>
  <testcase classname="cogmentoCRM.Web.runners.AllureTestNGRunner" name="runScenario" time="22.993"/>
  <testcase classname="cogmentoCRM.Web.runners.AllureTestNGRunner" name="runScenario" time="21.542"/>
</testsuite> <!-- cogmentoCRM.Web.runners.AllureTestNGRunner -->
