<?xml version="1.0" encoding="UTF-8"?>
<!-- Generated by org.testng.reporters.JUnitReportReporter -->
<testsuite hostname="YCSLAP1132" failures="0" tests="6" name="cogmentoCRM.Web.runners.AllureTestNGRunner" time="129.266" errors="0" timestamp="2025-07-02T17:07:41 IST" skipped="0">
  <testcase classname="cogmentoCRM.Web.runners.AllureTestNGRunner" name="runScenario" time="22.464"/>
  <testcase classname="cogmentoCRM.Web.runners.AllureTestNGRunner" name="runScenario" time="18.424"/>
  <testcase classname="cogmentoCRM.Web.runners.AllureTestNGRunner" name="runScenario" time="21.542"/>
  <testcase classname="cogmentoCRM.Web.runners.AllureTestNGRunner" name="runScenario" time="23.948"/>
  <testcase classname="cogmentoCRM.Web.runners.AllureTestNGRunner" name="runScenario" time="19.294"/>
  <testcase classname="cogmentoCRM.Web.runners.AllureTestNGRunner" name="runScenario" time="23.594"/>
</testsuite> <!-- cogmentoCRM.Web.runners.AllureTestNGRunner -->
